{"uuid":"053ef742-23f3-4532-a212-ca7a0875e4fa","name":"AP_002: Accept Payment - Visa (Insert, Credit) should be processed successfully.","historyId":"22747f2d699c6d5fab37f663de27593b","status":"failed","statusDetails":{"message":"expected { merchant: 'Appium Merch', …(9) } to have deep property 'maskedPan' of '************0029', but got '************undefined'      \n      actual expected\n      \n      '************undefined0029'\n      ","trace":"AssertionError: expected { merchant: 'Appium Merch', …(9) } to have deep property 'maskedPan' of '************0029', but got '************undefined'\n    at file:///F:/Project/appium-payconnect-master/helpers/customAssertion.js:37:38\n    at file:///F:/Project/appium-payconnect-master/helpers/customSteps.js:16:30\n    at <anonymous> (F:\\Project\\appium-payconnect-master\\node_modules\\allure-js-commons\\src\\facade.ts:113:48)\n    at <anonymous> (F:\\Project\\appium-payconnect-master\\node_modules\\allure-js-commons\\src\\sdk\\runtime\\MessageTestRuntime.ts:175:28)\n    at Generator.next (<anonymous>)\n    at asyncGeneratorStep (file:///F:/Project/appium-payconnect-master/node_modules/allure-js-commons/dist/esm/sdk/runtime/MessageTestRuntime.js:6:70)\n    at _next (file:///F:/Project/appium-payconnect-master/node_modules/allure-js-commons/dist/esm/sdk/runtime/MessageTestRuntime.js:7:163)"},"stage":"finished","steps":[{"status":"passed","statusDetails":{},"stage":"finished","steps":[{"status":"passed","statusDetails":{},"stage":"finished","steps":[],"attachments":[],"parameters":[],"start":1768961969026,"name":"1.1. Tap the Accept Payment button.","stop":1768961977217},{"status":"passed","statusDetails":{},"stage":"finished","steps":[{"status":"passed","statusDetails":{},"stage":"finished","steps":[],"attachments":[],"parameters":[],"start":1768961977217,"name":"1.2.1. Set Amount: ₱ 350","stop":1768961980056}],"attachments":[],"parameters":[],"start":1768961977217,"name":"1.2. Input the transaction amount.","stop":1768961983188},{"status":"passed","statusDetails":{},"stage":"finished","steps":[],"attachments":[],"parameters":[],"start":1768961983188,"name":"1.3. Tap the Card payment button.","stop":1768961984465},{"status":"passed","statusDetails":{},"stage":"finished","steps":[{"status":"passed","statusDetails":{},"stage":"finished","steps":[],"attachments":[],"parameters":[],"start":1768961984465,"name":"1.4.1. Account Type: CREDIT","stop":1768961985462}],"attachments":[],"parameters":[],"start":1768961984465,"name":"1.4. Choose the card type.","stop":1768961985462},{"status":"passed","statusDetails":{},"stage":"finished","steps":[{"status":"passed","statusDetails":{},"stage":"finished","steps":[],"attachments":[],"parameters":[],"start":1768961985462,"name":"1.5.1. Waiting for payment.","stop":1768961985998},{"status":"passed","statusDetails":{},"stage":"finished","steps":[],"attachments":[],"parameters":[],"start":1768961985998,"name":"1.5.2. Processing payment.","stop":1768961986201},{"status":"passed","statusDetails":{},"stage":"finished","steps":[],"attachments":[],"parameters":[],"start":1768961986201,"name":"1.5.3. Payment confirmed.","stop":1768961993883},{"status":"passed","statusDetails":{},"stage":"finished","steps":[{"name":"Screenshot_AP_002.png","attachments":[{"name":"Screenshot_AP_002.png","source":"f7ce2b17-4fed-4307-807d-5b092a3b9d2d-attachment.png","type":"image/png"}],"start":1768961994389,"stop":1768961994389}],"attachments":[],"parameters":[],"start":1768961993883,"name":"1.5.4. Take a screenshot.","stop":1768961994389}],"attachments":[],"parameters":[],"start":1768961985462,"name":"1.5. Pay the transaction.","stop":1768961994389},{"status":"passed","statusDetails":{},"stage":"finished","steps":[{"status":"passed","statusDetails":{},"stage":"finished","steps":[{"name":"Screenshot_AP_002.png","attachments":[{"name":"Screenshot_AP_002.png","source":"5fdba682-f182-4879-8d7b-39882d65cc07-attachment.png","type":"image/png"}],"start":1768961999277,"stop":1768961999277}],"attachments":[],"parameters":[],"start":1768961998653,"name":"1.6.1. Take a screenshot.","stop":1768961999277}],"attachments":[],"parameters":[],"start":1768961994389,"name":"1.6. Print transaction receipt.","stop":1768961999277},{"status":"passed","statusDetails":{},"stage":"finished","steps":[{"status":"passed","statusDetails":{},"stage":"finished","steps":[{"name":"Receipt Details Sale.","attachments":[{"name":"Receipt Details Sale.","source":"35f5eec3-4684-4672-803a-0dec267c3d3b-attachment.json","type":"application/json"}],"start":1768962001241,"stop":1768962001241}],"attachments":[],"parameters":[],"start":1768962001241,"name":"1.7.1. Attach a file.","stop":1768962001241}],"attachments":[],"parameters":[],"start":1768961999277,"name":"1.7. Extract the generated receipt.","stop":1768962004412}],"attachments":[],"parameters":[],"start":1768961969026,"name":"1. Process sale transaction.","stop":1768962004412},{"status":"failed","statusDetails":{"message":"expected { merchant: 'Appium Merch', …(9) } to have deep property 'maskedPan' of '************0029', but got '************undefined'","trace":"AssertionError: expected { merchant: 'Appium Merch', …(9) } to have deep property 'maskedPan' of '************0029', but got '************undefined'\n    at file:///F:/Project/appium-payconnect-master/helpers/customAssertion.js:37:38\n    at file:///F:/Project/appium-payconnect-master/helpers/customSteps.js:16:30\n    at <anonymous> (F:\\Project\\appium-payconnect-master\\node_modules\\allure-js-commons\\src\\facade.ts:113:48)\n    at <anonymous> (F:\\Project\\appium-payconnect-master\\node_modules\\allure-js-commons\\src\\sdk\\runtime\\MessageTestRuntime.ts:175:28)\n    at Generator.next (<anonymous>)\n    at asyncGeneratorStep (file:///F:/Project/appium-payconnect-master/node_modules/allure-js-commons/dist/esm/sdk/runtime/MessageTestRuntime.js:6:70)\n    at _next (file:///F:/Project/appium-payconnect-master/node_modules/allure-js-commons/dist/esm/sdk/runtime/MessageTestRuntime.js:7:163)\n    at process.processTicksAndRejections (node:internal/process/task_queues:105:5)","actual":"************undefined","expected":"************0029"},"stage":"finished","steps":[{"status":"passed","statusDetails":{},"stage":"finished","steps":[{"name":"Attachment Chai Assertion:","attachments":[{"name":"Attachment Chai Assertion:","source":"1a8b628b-03ff-4136-a7b3-7dc1f6d11492-attachment.json","type":"application/json"}],"start":1768962004440,"stop":1768962004440}],"attachments":[],"parameters":[],"start":1768962004437,"name":"2.1. Chai Assertion: merchant information on the receipt should match the configured merchant details.","stop":1768962004440},{"status":"failed","statusDetails":{"message":"expected { merchant: 'Appium Merch', …(9) } to have deep property 'maskedPan' of '************0029', but got '************undefined'","trace":"AssertionError: expected { merchant: 'Appium Merch', …(9) } to have deep property 'maskedPan' of '************0029', but got '************undefined'\n    at file:///F:/Project/appium-payconnect-master/helpers/customAssertion.js:37:38\n    at file:///F:/Project/appium-payconnect-master/helpers/customSteps.js:16:30\n    at <anonymous> (F:\\Project\\appium-payconnect-master\\node_modules\\allure-js-commons\\src\\facade.ts:113:48)\n    at <anonymous> (F:\\Project\\appium-payconnect-master\\node_modules\\allure-js-commons\\src\\sdk\\runtime\\MessageTestRuntime.ts:175:28)\n    at Generator.next (<anonymous>)\n    at asyncGeneratorStep (file:///F:/Project/appium-payconnect-master/node_modules/allure-js-commons/dist/esm/sdk/runtime/MessageTestRuntime.js:6:70)\n    at _next (file:///F:/Project/appium-payconnect-master/node_modules/allure-js-commons/dist/esm/sdk/runtime/MessageTestRuntime.js:7:163)\n    at process.processTicksAndRejections (node:internal/process/task_queues:105:5)","actual":"************undefined","expected":"************0029"},"stage":"finished","steps":[],"attachments":[],"parameters":[],"start":1768962004440,"name":"2.2. Chai Assertion: card and transaction information on the receipt should match.","stop":1768962004446}],"attachments":[],"parameters":[],"start":1768962004412,"name":"2. Verify receipt.","stop":1768962004447},{"name":"Sprint 27: Payconnect 2.0 Terminal (Visa) - Accept Payment #AP_002 - Error Logs","attachments":[{"name":"Sprint 27: Payconnect 2.0 Terminal (Visa) - Accept Payment #AP_002 - Error Logs","source":"9b86e46e-b8a2-45d8-bb3f-9f035f88dcf0-attachment.txt","type":"text/plain"}],"start":1768962007117,"stop":1768962007117}],"attachments":[],"parameters":[{"name":"device","value":"00023382825"},{"name":"Transaction Amount:","value":"₱ 350"},{"name":"Card Number:","value":"**** **** **** 0029"}],"labels":[{"name":"parentSuite","value":"Sprint 27: Payconnect 2.0 Terminal (Visa) - Accept Payment"},{"name":"package","value":"F"},{"name":"language","value":"javascript"},{"name":"framework","value":"wdio"},{"name":"thread","value":"0-0"},{"name":"epic","value":"Payconnect 2.0 Terminal"},{"name":"feature","value":"Sprint 27"},{"name":"owner","value":"Jerome Encinares"},{"name":"story","value":"Sale"},{"name":"tag","value":"Sprint 27"},{"name":"tag","value":"Payconnect 2.0 Terminal"},{"name":"tag","value":"Sale"},{"name":"severity","value":"normal"}],"links":[{"url":"https://undefined-dashboard.payconnect.io/","name":"Payconnect 2.0 Portal"},{"url":"https://project.apollo.com.ph/projects/undefined/work_packages/61624/activity","type":"issue","name":"Open Project: #61624"}],"start":1768961969018,"testCaseId":"AP_002","fullName":"test/specs/sale/AP_002.e2e.js#Sprint 27: Payconnect 2.0 Terminal (Visa) - Accept Payment.AP_002: Accept Payment - Visa (Insert, Credit) should be processed successfully.","description":"The system should successfully launch the Payconnect application and process card transactions using **Insert** with the account type set to **Credit**.\n\n### Preconditions\n1. Visa is supported by the terminal.\n2. Sale feature is enabled in the terminal.\n3. The transaction amount must be valid and not less than ₱1.00.\n4. Account Type: Credit (CA).\n5. POS Entry Mode: Insert (I).","stop":1768962007120}