{"uuid":"f0f29a9a-a436-49a7-9c84-3e8440190d13","name":"AP_003: Accept Payment - Visa (Tap, Debit Savings) should be processed successfully.","historyId":"f6d1cfcb66827f1f5317980eec7a14ef","status":"failed","statusDetails":{"message":"expected { merchant: 'Appium Merch', …(9) } to have deep property 'maskedPan' of '************0029', but got '************undefined'      \n      actual expected\n      \n      '************undefined0029'\n      ","trace":"AssertionError: expected { merchant: 'Appium Merch', …(9) } to have deep property 'maskedPan' of '************0029', but got '************undefined'\n    at file:///F:/Project/appium-payconnect-master/helpers/customAssertion.js:37:38\n    at file:///F:/Project/appium-payconnect-master/helpers/customSteps.js:16:30\n    at <anonymous> (F:\\Project\\appium-payconnect-master\\node_modules\\allure-js-commons\\src\\facade.ts:113:48)\n    at <anonymous> (F:\\Project\\appium-payconnect-master\\node_modules\\allure-js-commons\\src\\sdk\\runtime\\MessageTestRuntime.ts:175:28)\n    at Generator.next (<anonymous>)\n    at asyncGeneratorStep (file:///F:/Project/appium-payconnect-master/node_modules/allure-js-commons/dist/esm/sdk/runtime/MessageTestRuntime.js:6:70)\n    at _next (file:///F:/Project/appium-payconnect-master/node_modules/allure-js-commons/dist/esm/sdk/runtime/MessageTestRuntime.js:7:163)"},"stage":"finished","steps":[{"status":"passed","statusDetails":{},"stage":"finished","steps":[{"status":"passed","statusDetails":{},"stage":"finished","steps":[],"attachments":[],"parameters":[],"start":1768963322842,"name":"1.1. Tap the Accept Payment button.","stop":1768963331048},{"status":"passed","statusDetails":{},"stage":"finished","steps":[{"status":"passed","statusDetails":{},"stage":"finished","steps":[],"attachments":[],"parameters":[],"start":1768963331049,"name":"1.2.1. Set Amount: ₱ 500","stop":1768963333891}],"attachments":[],"parameters":[],"start":1768963331049,"name":"1.2. Input the transaction amount.","stop":1768963336913},{"status":"passed","statusDetails":{},"stage":"finished","steps":[],"attachments":[],"parameters":[],"start":1768963336913,"name":"1.3. Tap the Card payment button.","stop":1768963338008},{"status":"passed","statusDetails":{},"stage":"finished","steps":[{"status":"passed","statusDetails":{},"stage":"finished","steps":[],"attachments":[],"parameters":[],"start":1768963338008,"name":"1.4.1. Account Type: DEBIT","stop":1768963338866},{"status":"passed","statusDetails":{},"stage":"finished","steps":[],"attachments":[],"parameters":[],"start":1768963338867,"name":"1.4.2. Debit Account Type: SAVINGS","stop":1768963339651}],"attachments":[],"parameters":[],"start":1768963338008,"name":"1.4. Choose the card type.","stop":1768963339651},{"status":"passed","statusDetails":{},"stage":"finished","steps":[{"status":"passed","statusDetails":{},"stage":"finished","steps":[],"attachments":[],"parameters":[],"start":1768963339651,"name":"1.5.1. Waiting for payment.","stop":1768963340151},{"status":"passed","statusDetails":{},"stage":"finished","steps":[],"attachments":[],"parameters":[],"start":1768963340151,"name":"1.5.2. Processing payment.","stop":1768963340345},{"status":"passed","statusDetails":{},"stage":"finished","steps":[],"attachments":[],"parameters":[],"start":1768963340345,"name":"1.5.3. Payment confirmed.","stop":1768963347586},{"status":"passed","statusDetails":{},"stage":"finished","steps":[{"name":"Screenshot_AP_003.png","attachments":[{"name":"Screenshot_AP_003.png","source":"17c479fd-39fa-40be-a179-8a8333b73cd5-attachment.png","type":"image/png"}],"start":1768963348068,"stop":1768963348068}],"attachments":[],"parameters":[],"start":1768963347586,"name":"1.5.4. Take a screenshot.","stop":1768963348068}],"attachments":[],"parameters":[],"start":1768963339651,"name":"1.5. Pay the transaction.","stop":1768963348068},{"status":"passed","statusDetails":{},"stage":"finished","steps":[{"status":"passed","statusDetails":{},"stage":"finished","steps":[{"name":"Screenshot_AP_003.png","attachments":[{"name":"Screenshot_AP_003.png","source":"faedbbb3-ff63-45d3-a8d4-cd3e24fa66b5-attachment.png","type":"image/png"}],"start":1768963353007,"stop":1768963353007}],"attachments":[],"parameters":[],"start":1768963352330,"name":"1.6.1. Take a screenshot.","stop":1768963353007}],"attachments":[],"parameters":[],"start":1768963348068,"name":"1.6. Print transaction receipt.","stop":1768963353008},{"status":"passed","statusDetails":{},"stage":"finished","steps":[{"status":"passed","statusDetails":{},"stage":"finished","steps":[{"name":"Receipt Details Sale.","attachments":[{"name":"Receipt Details Sale.","source":"ff9de2ca-1730-4ffa-b8f4-b4d3e1ad8341-attachment.json","type":"application/json"}],"start":1768963355713,"stop":1768963355713}],"attachments":[],"parameters":[],"start":1768963355713,"name":"1.7.1. Attach a file.","stop":1768963355713}],"attachments":[],"parameters":[],"start":1768963353008,"name":"1.7. Extract the generated receipt.","stop":1768963358107}],"attachments":[],"parameters":[],"start":1768963322841,"name":"1. Process sale transaction.","stop":1768963358107},{"status":"failed","statusDetails":{"message":"expected { merchant: 'Appium Merch', …(9) } to have deep property 'maskedPan' of '************0029', but got '************undefined'","trace":"AssertionError: expected { merchant: 'Appium Merch', …(9) } to have deep property 'maskedPan' of '************0029', but got '************undefined'\n    at file:///F:/Project/appium-payconnect-master/helpers/customAssertion.js:37:38\n    at file:///F:/Project/appium-payconnect-master/helpers/customSteps.js:16:30\n    at <anonymous> (F:\\Project\\appium-payconnect-master\\node_modules\\allure-js-commons\\src\\facade.ts:113:48)\n    at <anonymous> (F:\\Project\\appium-payconnect-master\\node_modules\\allure-js-commons\\src\\sdk\\runtime\\MessageTestRuntime.ts:175:28)\n    at Generator.next (<anonymous>)\n    at asyncGeneratorStep (file:///F:/Project/appium-payconnect-master/node_modules/allure-js-commons/dist/esm/sdk/runtime/MessageTestRuntime.js:6:70)\n    at _next (file:///F:/Project/appium-payconnect-master/node_modules/allure-js-commons/dist/esm/sdk/runtime/MessageTestRuntime.js:7:163)\n    at process.processTicksAndRejections (node:internal/process/task_queues:105:5)","actual":"************undefined","expected":"************0029"},"stage":"finished","steps":[{"status":"passed","statusDetails":{},"stage":"finished","steps":[{"name":"Attachment Chai Assertion:","attachments":[{"name":"Attachment Chai Assertion:","source":"45a703b4-224b-4917-a885-e56f25569188-attachment.json","type":"application/json"}],"start":1768963358137,"stop":1768963358137}],"attachments":[],"parameters":[],"start":1768963358134,"name":"2.1. Chai Assertion: merchant information on the receipt should match the configured merchant details.","stop":1768963358137},{"status":"failed","statusDetails":{"message":"expected { merchant: 'Appium Merch', …(9) } to have deep property 'maskedPan' of '************0029', but got '************undefined'","trace":"AssertionError: expected { merchant: 'Appium Merch', …(9) } to have deep property 'maskedPan' of '************0029', but got '************undefined'\n    at file:///F:/Project/appium-payconnect-master/helpers/customAssertion.js:37:38\n    at file:///F:/Project/appium-payconnect-master/helpers/customSteps.js:16:30\n    at <anonymous> (F:\\Project\\appium-payconnect-master\\node_modules\\allure-js-commons\\src\\facade.ts:113:48)\n    at <anonymous> (F:\\Project\\appium-payconnect-master\\node_modules\\allure-js-commons\\src\\sdk\\runtime\\MessageTestRuntime.ts:175:28)\n    at Generator.next (<anonymous>)\n    at asyncGeneratorStep (file:///F:/Project/appium-payconnect-master/node_modules/allure-js-commons/dist/esm/sdk/runtime/MessageTestRuntime.js:6:70)\n    at _next (file:///F:/Project/appium-payconnect-master/node_modules/allure-js-commons/dist/esm/sdk/runtime/MessageTestRuntime.js:7:163)\n    at process.processTicksAndRejections (node:internal/process/task_queues:105:5)","actual":"************undefined","expected":"************0029"},"stage":"finished","steps":[],"attachments":[],"parameters":[],"start":1768963358137,"name":"2.2. Chai Assertion: card and transaction information on the receipt should match.","stop":1768963358144}],"attachments":[],"parameters":[],"start":1768963358107,"name":"2. Verify receipt.","stop":1768963358144},{"name":"Sprint 27: Payconnect 2.0 Terminal (Visa) - Accept Payment #AP_003 - Error Logs","attachments":[{"name":"Sprint 27: Payconnect 2.0 Terminal (Visa) - Accept Payment #AP_003 - Error Logs","source":"562716c0-af18-46d3-82e6-70c05ccb39ef-attachment.txt","type":"text/plain"}],"start":1768963360831,"stop":1768963360831}],"attachments":[],"parameters":[{"name":"device","value":"00023382825"},{"name":"Transaction Amount:","value":"₱ 500"},{"name":"Card Number:","value":"**** **** **** 0029"}],"labels":[{"name":"parentSuite","value":"Sprint 27: Payconnect 2.0 Terminal (Visa) - Accept Payment"},{"name":"package","value":"F"},{"name":"language","value":"javascript"},{"name":"framework","value":"wdio"},{"name":"thread","value":"0-0"},{"name":"epic","value":"Payconnect 2.0 Terminal"},{"name":"feature","value":"Sprint 27"},{"name":"owner","value":"Jerome Encinares"},{"name":"story","value":"Sale"},{"name":"tag","value":"Sprint 27"},{"name":"tag","value":"Payconnect 2.0 Terminal"},{"name":"tag","value":"Sale"},{"name":"severity","value":"normal"}],"links":[{"url":"https://undefined-dashboard.payconnect.io/","name":"Payconnect 2.0 Portal"},{"url":"https://project.apollo.com.ph/projects/undefined/work_packages/61624/activity","type":"issue","name":"Open Project: #61624"}],"start":1768963322833,"testCaseId":"AP_003","fullName":"test/specs/sale/AP_003.e2e.js#Sprint 27: Payconnect 2.0 Terminal (Visa) - Accept Payment.AP_003: Accept Payment - Visa (Tap, Debit Savings) should be processed successfully.","description":"The system should successfully launch the Payconnect application and process card transactions using **Tap** with the account type set to **Debit (Savings Account)**\n\n### Preconditions\n1. Visa is supported by the terminal.\n2. Sale feature is enabled in the terminal.\n3. The transaction amount must be valid and not less than ₱1.00.\n4. Account Type: Debit (Savings).\n5. POS Entry Mode: Tap (T).","stop":1768963360835}