{"uid":"2e5ff1c03e9e8e50","name":"AP_003: Accept Payment - Visa (Tap, Debit Savings) should be processed successfully.","fullName":"test/specs/sale/AP_003.e2e.js#Sprint 27: Payconnect 2.0 Terminal (Visa) - Accept Payment.AP_003: Accept Payment - Visa (Tap, Debit Savings) should be processed successfully.","historyId":"f6d1cfcb66827f1f5317980eec7a14ef","time":{"start":1768963322833,"stop":1768963360835,"duration":38002},"description":"The system should successfully launch the Payconnect application and process card transactions using **Tap** with the account type set to **Debit (Savings Account)**\n\n### Preconditions\n1. Visa is supported by the terminal.\n2. Sale feature is enabled in the terminal.\n3. The transaction amount must be valid and not less than ₱1.00.\n4. Account Type: Debit (Savings).\n5. POS Entry Mode: Tap (T).","descriptionHtml":"<p>The system should successfully launch the Payconnect application and process card transactions using <strong>Tap</strong> with the account type set to <strong>Debit (Savings Account)</strong></p>\n<h3>Preconditions</h3>\n<ol>\n<li>Visa is supported by the terminal.</li>\n<li>Sale feature is enabled in the terminal.</li>\n<li>The transaction amount must be valid and not less than ₱1.00.</li>\n<li>Account Type: Debit (Savings).</li>\n<li>POS Entry Mode: Tap (T).</li>\n</ol>\n","status":"failed","statusMessage":"expected { merchant: 'Appium Merch', …(9) } to have deep property 'maskedPan' of '************0029', but got '************undefined'      \n      actual expected\n      \n      '************undefined0029'\n      ","statusTrace":"AssertionError: expected { merchant: 'Appium Merch', …(9) } to have deep property 'maskedPan' of '************0029', but got '************undefined'\n    at file:///F:/Project/appium-payconnect-master/helpers/customAssertion.js:37:38\n    at file:///F:/Project/appium-payconnect-master/helpers/customSteps.js:16:30\n    at <anonymous> (F:\\Project\\appium-payconnect-master\\node_modules\\allure-js-commons\\src\\facade.ts:113:48)\n    at <anonymous> (F:\\Project\\appium-payconnect-master\\node_modules\\allure-js-commons\\src\\sdk\\runtime\\MessageTestRuntime.ts:175:28)\n    at Generator.next (<anonymous>)\n    at asyncGeneratorStep (file:///F:/Project/appium-payconnect-master/node_modules/allure-js-commons/dist/esm/sdk/runtime/MessageTestRuntime.js:6:70)\n    at _next (file:///F:/Project/appium-payconnect-master/node_modules/allure-js-commons/dist/esm/sdk/runtime/MessageTestRuntime.js:7:163)","flaky":false,"newFailed":false,"newBroken":false,"newPassed":false,"retriesCount":0,"retriesStatusChange":false,"beforeStages":[],"testStage":{"description":"The system should successfully launch the Payconnect application and process card transactions using **Tap** with the account type set to **Debit (Savings Account)**\n\n### Preconditions\n1. Visa is supported by the terminal.\n2. Sale feature is enabled in the terminal.\n3. The transaction amount must be valid and not less than ₱1.00.\n4. Account Type: Debit (Savings).\n5. POS Entry Mode: Tap (T).","status":"failed","statusMessage":"expected { merchant: 'Appium Merch', …(9) } to have deep property 'maskedPan' of '************0029', but got '************undefined'      \n      actual expected\n      \n      '************undefined0029'\n      ","statusTrace":"AssertionError: expected { merchant: 'Appium Merch', …(9) } to have deep property 'maskedPan' of '************0029', but got '************undefined'\n    at file:///F:/Project/appium-payconnect-master/helpers/customAssertion.js:37:38\n    at file:///F:/Project/appium-payconnect-master/helpers/customSteps.js:16:30\n    at <anonymous> (F:\\Project\\appium-payconnect-master\\node_modules\\allure-js-commons\\src\\facade.ts:113:48)\n    at <anonymous> (F:\\Project\\appium-payconnect-master\\node_modules\\allure-js-commons\\src\\sdk\\runtime\\MessageTestRuntime.ts:175:28)\n    at Generator.next (<anonymous>)\n    at asyncGeneratorStep (file:///F:/Project/appium-payconnect-master/node_modules/allure-js-commons/dist/esm/sdk/runtime/MessageTestRuntime.js:6:70)\n    at _next (file:///F:/Project/appium-payconnect-master/node_modules/allure-js-commons/dist/esm/sdk/runtime/MessageTestRuntime.js:7:163)","steps":[{"name":"1. Process sale transaction.","time":{"start":1768963322841,"stop":1768963358107,"duration":35266},"status":"passed","steps":[{"name":"1.1. Tap the Accept Payment button.","time":{"start":1768963322842,"stop":1768963331048,"duration":8206},"status":"passed","steps":[],"attachments":[],"parameters":[],"shouldDisplayMessage":false,"stepsCount":0,"attachmentsCount":0,"hasContent":false,"attachmentStep":false},{"name":"1.2. Input the transaction amount.","time":{"start":1768963331049,"stop":1768963336913,"duration":5864},"status":"passed","steps":[{"name":"1.2.1. Set Amount: ₱ 500","time":{"start":1768963331049,"stop":1768963333891,"duration":2842},"status":"passed","steps":[],"attachments":[],"parameters":[],"shouldDisplayMessage":false,"stepsCount":0,"attachmentsCount":0,"hasContent":false,"attachmentStep":false}],"attachments":[],"parameters":[],"shouldDisplayMessage":false,"stepsCount":1,"attachmentsCount":0,"hasContent":true,"attachmentStep":false},{"name":"1.3. Tap the Card payment button.","time":{"start":1768963336913,"stop":1768963338008,"duration":1095},"status":"passed","steps":[],"attachments":[],"parameters":[],"shouldDisplayMessage":false,"stepsCount":0,"attachmentsCount":0,"hasContent":false,"attachmentStep":false},{"name":"1.4. Choose the card type.","time":{"start":1768963338008,"stop":1768963339651,"duration":1643},"status":"passed","steps":[{"name":"1.4.1. Account Type: DEBIT","time":{"start":1768963338008,"stop":1768963338866,"duration":858},"status":"passed","steps":[],"attachments":[],"parameters":[],"shouldDisplayMessage":false,"stepsCount":0,"attachmentsCount":0,"hasContent":false,"attachmentStep":false},{"name":"1.4.2. Debit Account Type: SAVINGS","time":{"start":1768963338867,"stop":1768963339651,"duration":784},"status":"passed","steps":[],"attachments":[],"parameters":[],"shouldDisplayMessage":false,"stepsCount":0,"attachmentsCount":0,"hasContent":false,"attachmentStep":false}],"attachments":[],"parameters":[],"shouldDisplayMessage":false,"stepsCount":2,"attachmentsCount":0,"hasContent":true,"attachmentStep":false},{"name":"1.5. Pay the transaction.","time":{"start":1768963339651,"stop":1768963348068,"duration":8417},"status":"passed","steps":[{"name":"1.5.1. Waiting for payment.","time":{"start":1768963339651,"stop":1768963340151,"duration":500},"status":"passed","steps":[],"attachments":[],"parameters":[],"shouldDisplayMessage":false,"stepsCount":0,"attachmentsCount":0,"hasContent":false,"attachmentStep":false},{"name":"1.5.2. Processing payment.","time":{"start":1768963340151,"stop":1768963340345,"duration":194},"status":"passed","steps":[],"attachments":[],"parameters":[],"shouldDisplayMessage":false,"stepsCount":0,"attachmentsCount":0,"hasContent":false,"attachmentStep":false},{"name":"1.5.3. Payment confirmed.","time":{"start":1768963340345,"stop":1768963347586,"duration":7241},"status":"passed","steps":[],"attachments":[],"parameters":[],"shouldDisplayMessage":false,"stepsCount":0,"attachmentsCount":0,"hasContent":false,"attachmentStep":false},{"name":"1.5.4. Take a screenshot.","time":{"start":1768963347586,"stop":1768963348068,"duration":482},"status":"passed","steps":[{"name":"Screenshot_AP_003.png","time":{"start":1768963348068,"stop":1768963348068,"duration":0},"status":"unknown","steps":[],"attachments":[{"uid":"7098a6b8d0b37a36","name":"Screenshot_AP_003.png","source":"7098a6b8d0b37a36.png","type":"image/png","size":50505}],"parameters":[],"shouldDisplayMessage":false,"stepsCount":0,"attachmentsCount":1,"hasContent":true,"attachmentStep":true}],"attachments":[],"parameters":[],"shouldDisplayMessage":false,"stepsCount":1,"attachmentsCount":1,"hasContent":true,"attachmentStep":false}],"attachments":[],"parameters":[],"shouldDisplayMessage":false,"stepsCount":5,"attachmentsCount":1,"hasContent":true,"attachmentStep":false},{"name":"1.6. Print transaction receipt.","time":{"start":1768963348068,"stop":1768963353008,"duration":4940},"status":"passed","steps":[{"name":"1.6.1. Take a screenshot.","time":{"start":1768963352330,"stop":1768963353007,"duration":677},"status":"passed","steps":[{"name":"Screenshot_AP_003.png","time":{"start":1768963353007,"stop":1768963353007,"duration":0},"status":"unknown","steps":[],"attachments":[{"uid":"32228ca2992cde8c","name":"Screenshot_AP_003.png","source":"32228ca2992cde8c.png","type":"image/png","size":189281}],"parameters":[],"shouldDisplayMessage":false,"stepsCount":0,"attachmentsCount":1,"hasContent":true,"attachmentStep":true}],"attachments":[],"parameters":[],"shouldDisplayMessage":false,"stepsCount":1,"attachmentsCount":1,"hasContent":true,"attachmentStep":false}],"attachments":[],"parameters":[],"shouldDisplayMessage":false,"stepsCount":2,"attachmentsCount":1,"hasContent":true,"attachmentStep":false},{"name":"1.7. Extract the generated receipt.","time":{"start":1768963353008,"stop":1768963358107,"duration":5099},"status":"passed","steps":[{"name":"1.7.1. Attach a file.","time":{"start":1768963355713,"stop":1768963355713,"duration":0},"status":"passed","steps":[{"name":"Receipt Details Sale.","time":{"start":1768963355713,"stop":1768963355713,"duration":0},"status":"unknown","steps":[],"attachments":[{"uid":"e83a01de177d1976","name":"Receipt Details Sale.","source":"e83a01de177d1976.json","type":"application/json","size":4}],"parameters":[],"shouldDisplayMessage":false,"stepsCount":0,"attachmentsCount":1,"hasContent":true,"attachmentStep":true}],"attachments":[],"parameters":[],"shouldDisplayMessage":false,"stepsCount":1,"attachmentsCount":1,"hasContent":true,"attachmentStep":false}],"attachments":[],"parameters":[],"shouldDisplayMessage":false,"stepsCount":2,"attachmentsCount":1,"hasContent":true,"attachmentStep":false}],"attachments":[],"parameters":[],"shouldDisplayMessage":false,"stepsCount":19,"attachmentsCount":3,"hasContent":true,"attachmentStep":false},{"name":"2. Verify receipt.","time":{"start":1768963358107,"stop":1768963358144,"duration":37},"status":"failed","statusMessage":"expected { merchant: 'Appium Merch', …(9) } to have deep property 'maskedPan' of '************0029', but got '************undefined'","statusTrace":"AssertionError: expected { merchant: 'Appium Merch', …(9) } to have deep property 'maskedPan' of '************0029', but got '************undefined'\n    at file:///F:/Project/appium-payconnect-master/helpers/customAssertion.js:37:38\n    at file:///F:/Project/appium-payconnect-master/helpers/customSteps.js:16:30\n    at <anonymous> (F:\\Project\\appium-payconnect-master\\node_modules\\allure-js-commons\\src\\facade.ts:113:48)\n    at <anonymous> (F:\\Project\\appium-payconnect-master\\node_modules\\allure-js-commons\\src\\sdk\\runtime\\MessageTestRuntime.ts:175:28)\n    at Generator.next (<anonymous>)\n    at asyncGeneratorStep (file:///F:/Project/appium-payconnect-master/node_modules/allure-js-commons/dist/esm/sdk/runtime/MessageTestRuntime.js:6:70)\n    at _next (file:///F:/Project/appium-payconnect-master/node_modules/allure-js-commons/dist/esm/sdk/runtime/MessageTestRuntime.js:7:163)\n    at process.processTicksAndRejections (node:internal/process/task_queues:105:5)","steps":[{"name":"2.1. Chai Assertion: merchant information on the receipt should match the configured merchant details.","time":{"start":1768963358134,"stop":1768963358137,"duration":3},"status":"passed","steps":[{"name":"Attachment Chai Assertion:","time":{"start":1768963358137,"stop":1768963358137,"duration":0},"status":"unknown","steps":[],"attachments":[{"uid":"174c422f151c7e8b","name":"Attachment Chai Assertion:","source":"174c422f151c7e8b.json","type":"application/json","size":416}],"parameters":[],"shouldDisplayMessage":false,"stepsCount":0,"attachmentsCount":1,"hasContent":true,"attachmentStep":true}],"attachments":[],"parameters":[],"shouldDisplayMessage":false,"stepsCount":1,"attachmentsCount":1,"hasContent":true,"attachmentStep":false},{"name":"2.2. Chai Assertion: card and transaction information on the receipt should match.","time":{"start":1768963358137,"stop":1768963358144,"duration":7},"status":"failed","statusMessage":"expected { merchant: 'Appium Merch', …(9) } to have deep property 'maskedPan' of '************0029', but got '************undefined'","statusTrace":"AssertionError: expected { merchant: 'Appium Merch', …(9) } to have deep property 'maskedPan' of '************0029', but got '************undefined'\n    at file:///F:/Project/appium-payconnect-master/helpers/customAssertion.js:37:38\n    at file:///F:/Project/appium-payconnect-master/helpers/customSteps.js:16:30\n    at <anonymous> (F:\\Project\\appium-payconnect-master\\node_modules\\allure-js-commons\\src\\facade.ts:113:48)\n    at <anonymous> (F:\\Project\\appium-payconnect-master\\node_modules\\allure-js-commons\\src\\sdk\\runtime\\MessageTestRuntime.ts:175:28)\n    at Generator.next (<anonymous>)\n    at asyncGeneratorStep (file:///F:/Project/appium-payconnect-master/node_modules/allure-js-commons/dist/esm/sdk/runtime/MessageTestRuntime.js:6:70)\n    at _next (file:///F:/Project/appium-payconnect-master/node_modules/allure-js-commons/dist/esm/sdk/runtime/MessageTestRuntime.js:7:163)\n    at process.processTicksAndRejections (node:internal/process/task_queues:105:5)","steps":[],"attachments":[],"parameters":[],"shouldDisplayMessage":true,"stepsCount":0,"attachmentsCount":0,"hasContent":true,"attachmentStep":false}],"attachments":[],"parameters":[],"shouldDisplayMessage":false,"stepsCount":3,"attachmentsCount":1,"hasContent":true,"attachmentStep":false},{"name":"Sprint 27: Payconnect 2.0 Terminal (Visa) - Accept Payment #AP_003 - Error Logs","time":{"start":1768963360831,"stop":1768963360831,"duration":0},"status":"unknown","steps":[],"attachments":[{"uid":"74a7a89d4e24a944","name":"Sprint 27: Payconnect 2.0 Terminal (Visa) - Accept Payment #AP_003 - Error Logs","source":"74a7a89d4e24a944.txt","type":"text/plain","size":965}],"parameters":[],"shouldDisplayMessage":false,"stepsCount":0,"attachmentsCount":1,"hasContent":true,"attachmentStep":true}],"attachments":[],"parameters":[],"shouldDisplayMessage":true,"stepsCount":25,"attachmentsCount":5,"hasContent":true,"attachmentStep":false},"afterStages":[],"labels":[{"name":"parentSuite","value":"Sprint 27: Payconnect 2.0 Terminal (Visa) - Accept Payment"},{"name":"package","value":"F"},{"name":"language","value":"javascript"},{"name":"framework","value":"wdio"},{"name":"thread","value":"0-0"},{"name":"epic","value":"Payconnect 2.0 Terminal"},{"name":"feature","value":"Sprint 27"},{"name":"owner","value":"Jerome Encinares"},{"name":"story","value":"Sale"},{"name":"tag","value":"Sprint 27"},{"name":"tag","value":"Payconnect 2.0 Terminal"},{"name":"tag","value":"Sale"},{"name":"severity","value":"normal"},{"name":"resultFormat","value":"allure2"}],"parameters":[{"name":"Card Number:","value":"**** **** **** 0029"},{"name":"Transaction Amount:","value":"₱ 500"},{"name":"device","value":"00023382825"}],"links":[{"name":"Payconnect 2.0 Portal","url":"https://undefined-dashboard.payconnect.io/"},{"name":"Open Project: #61624","url":"https://project.apollo.com.ph/projects/undefined/work_packages/61624/activity","type":"issue"}],"hidden":true,"retry":true,"extra":{"categories":[],"tags":["Sale","Sprint 27","Payconnect 2.0 Terminal"]},"source":"2e5ff1c03e9e8e50.json","parameterValues":["**** **** **** 0029","₱ 500","00023382825"]}