{"uid":"9a5028f30b8b7cc7","name":"AP_002: Accept Payment - Visa (Insert, Credit) should be processed successfully.","fullName":"test/specs/sale/AP_002.e2e.js#Sprint 27: Payconnect 2.0 Terminal (Visa) - Accept Payment.AP_002: Accept Payment - Visa (Insert, Credit) should be processed successfully.","historyId":"22747f2d699c6d5fab37f663de27593b","time":{"start":1768961969018,"stop":1768962007120,"duration":38102},"description":"The system should successfully launch the Payconnect application and process card transactions using **Insert** with the account type set to **Credit**.\n\n### Preconditions\n1. Visa is supported by the terminal.\n2. Sale feature is enabled in the terminal.\n3. The transaction amount must be valid and not less than ₱1.00.\n4. Account Type: Credit (CA).\n5. POS Entry Mode: Insert (I).","descriptionHtml":"<p>The system should successfully launch the Payconnect application and process card transactions using <strong>Insert</strong> with the account type set to <strong>Credit</strong>.</p>\n<h3>Preconditions</h3>\n<ol>\n<li>Visa is supported by the terminal.</li>\n<li>Sale feature is enabled in the terminal.</li>\n<li>The transaction amount must be valid and not less than ₱1.00.</li>\n<li>Account Type: Credit (CA).</li>\n<li>POS Entry Mode: Insert (I).</li>\n</ol>\n","status":"failed","statusMessage":"expected { merchant: 'Appium Merch', …(9) } to have deep property 'maskedPan' of '************0029', but got '************undefined'      \n      actual expected\n      \n      '************undefined0029'\n      ","statusTrace":"AssertionError: expected { merchant: 'Appium Merch', …(9) } to have deep property 'maskedPan' of '************0029', but got '************undefined'\n    at file:///F:/Project/appium-payconnect-master/helpers/customAssertion.js:37:38\n    at file:///F:/Project/appium-payconnect-master/helpers/customSteps.js:16:30\n    at <anonymous> (F:\\Project\\appium-payconnect-master\\node_modules\\allure-js-commons\\src\\facade.ts:113:48)\n    at <anonymous> (F:\\Project\\appium-payconnect-master\\node_modules\\allure-js-commons\\src\\sdk\\runtime\\MessageTestRuntime.ts:175:28)\n    at Generator.next (<anonymous>)\n    at asyncGeneratorStep (file:///F:/Project/appium-payconnect-master/node_modules/allure-js-commons/dist/esm/sdk/runtime/MessageTestRuntime.js:6:70)\n    at _next (file:///F:/Project/appium-payconnect-master/node_modules/allure-js-commons/dist/esm/sdk/runtime/MessageTestRuntime.js:7:163)","flaky":false,"newFailed":false,"newBroken":false,"newPassed":false,"retriesCount":0,"retriesStatusChange":false,"beforeStages":[],"testStage":{"description":"The system should successfully launch the Payconnect application and process card transactions using **Insert** with the account type set to **Credit**.\n\n### Preconditions\n1. Visa is supported by the terminal.\n2. Sale feature is enabled in the terminal.\n3. The transaction amount must be valid and not less than ₱1.00.\n4. Account Type: Credit (CA).\n5. POS Entry Mode: Insert (I).","status":"failed","statusMessage":"expected { merchant: 'Appium Merch', …(9) } to have deep property 'maskedPan' of '************0029', but got '************undefined'      \n      actual expected\n      \n      '************undefined0029'\n      ","statusTrace":"AssertionError: expected { merchant: 'Appium Merch', …(9) } to have deep property 'maskedPan' of '************0029', but got '************undefined'\n    at file:///F:/Project/appium-payconnect-master/helpers/customAssertion.js:37:38\n    at file:///F:/Project/appium-payconnect-master/helpers/customSteps.js:16:30\n    at <anonymous> (F:\\Project\\appium-payconnect-master\\node_modules\\allure-js-commons\\src\\facade.ts:113:48)\n    at <anonymous> (F:\\Project\\appium-payconnect-master\\node_modules\\allure-js-commons\\src\\sdk\\runtime\\MessageTestRuntime.ts:175:28)\n    at Generator.next (<anonymous>)\n    at asyncGeneratorStep (file:///F:/Project/appium-payconnect-master/node_modules/allure-js-commons/dist/esm/sdk/runtime/MessageTestRuntime.js:6:70)\n    at _next (file:///F:/Project/appium-payconnect-master/node_modules/allure-js-commons/dist/esm/sdk/runtime/MessageTestRuntime.js:7:163)","steps":[{"name":"1. Process sale transaction.","time":{"start":1768961969026,"stop":1768962004412,"duration":35386},"status":"passed","steps":[{"name":"1.1. Tap the Accept Payment button.","time":{"start":1768961969026,"stop":1768961977217,"duration":8191},"status":"passed","steps":[],"attachments":[],"parameters":[],"shouldDisplayMessage":false,"stepsCount":0,"attachmentsCount":0,"hasContent":false,"attachmentStep":false},{"name":"1.2. Input the transaction amount.","time":{"start":1768961977217,"stop":1768961983188,"duration":5971},"status":"passed","steps":[{"name":"1.2.1. Set Amount: ₱ 350","time":{"start":1768961977217,"stop":1768961980056,"duration":2839},"status":"passed","steps":[],"attachments":[],"parameters":[],"shouldDisplayMessage":false,"stepsCount":0,"attachmentsCount":0,"hasContent":false,"attachmentStep":false}],"attachments":[],"parameters":[],"shouldDisplayMessage":false,"stepsCount":1,"attachmentsCount":0,"hasContent":true,"attachmentStep":false},{"name":"1.3. Tap the Card payment button.","time":{"start":1768961983188,"stop":1768961984465,"duration":1277},"status":"passed","steps":[],"attachments":[],"parameters":[],"shouldDisplayMessage":false,"stepsCount":0,"attachmentsCount":0,"hasContent":false,"attachmentStep":false},{"name":"1.4. Choose the card type.","time":{"start":1768961984465,"stop":1768961985462,"duration":997},"status":"passed","steps":[{"name":"1.4.1. Account Type: CREDIT","time":{"start":1768961984465,"stop":1768961985462,"duration":997},"status":"passed","steps":[],"attachments":[],"parameters":[],"shouldDisplayMessage":false,"stepsCount":0,"attachmentsCount":0,"hasContent":false,"attachmentStep":false}],"attachments":[],"parameters":[],"shouldDisplayMessage":false,"stepsCount":1,"attachmentsCount":0,"hasContent":true,"attachmentStep":false},{"name":"1.5. Pay the transaction.","time":{"start":1768961985462,"stop":1768961994389,"duration":8927},"status":"passed","steps":[{"name":"1.5.1. Waiting for payment.","time":{"start":1768961985462,"stop":1768961985998,"duration":536},"status":"passed","steps":[],"attachments":[],"parameters":[],"shouldDisplayMessage":false,"stepsCount":0,"attachmentsCount":0,"hasContent":false,"attachmentStep":false},{"name":"1.5.2. Processing payment.","time":{"start":1768961985998,"stop":1768961986201,"duration":203},"status":"passed","steps":[],"attachments":[],"parameters":[],"shouldDisplayMessage":false,"stepsCount":0,"attachmentsCount":0,"hasContent":false,"attachmentStep":false},{"name":"1.5.3. Payment confirmed.","time":{"start":1768961986201,"stop":1768961993883,"duration":7682},"status":"passed","steps":[],"attachments":[],"parameters":[],"shouldDisplayMessage":false,"stepsCount":0,"attachmentsCount":0,"hasContent":false,"attachmentStep":false},{"name":"1.5.4. Take a screenshot.","time":{"start":1768961993883,"stop":1768961994389,"duration":506},"status":"passed","steps":[{"name":"Screenshot_AP_002.png","time":{"start":1768961994389,"stop":1768961994389,"duration":0},"status":"unknown","steps":[],"attachments":[{"uid":"f913f8baf20984c6","name":"Screenshot_AP_002.png","source":"f913f8baf20984c6.png","type":"image/png","size":51116}],"parameters":[],"shouldDisplayMessage":false,"stepsCount":0,"attachmentsCount":1,"hasContent":true,"attachmentStep":true}],"attachments":[],"parameters":[],"shouldDisplayMessage":false,"stepsCount":1,"attachmentsCount":1,"hasContent":true,"attachmentStep":false}],"attachments":[],"parameters":[],"shouldDisplayMessage":false,"stepsCount":5,"attachmentsCount":1,"hasContent":true,"attachmentStep":false},{"name":"1.6. Print transaction receipt.","time":{"start":1768961994389,"stop":1768961999277,"duration":4888},"status":"passed","steps":[{"name":"1.6.1. Take a screenshot.","time":{"start":1768961998653,"stop":1768961999277,"duration":624},"status":"passed","steps":[{"name":"Screenshot_AP_002.png","time":{"start":1768961999277,"stop":1768961999277,"duration":0},"status":"unknown","steps":[],"attachments":[{"uid":"16fa3579899dfef6","name":"Screenshot_AP_002.png","source":"16fa3579899dfef6.png","type":"image/png","size":189863}],"parameters":[],"shouldDisplayMessage":false,"stepsCount":0,"attachmentsCount":1,"hasContent":true,"attachmentStep":true}],"attachments":[],"parameters":[],"shouldDisplayMessage":false,"stepsCount":1,"attachmentsCount":1,"hasContent":true,"attachmentStep":false}],"attachments":[],"parameters":[],"shouldDisplayMessage":false,"stepsCount":2,"attachmentsCount":1,"hasContent":true,"attachmentStep":false},{"name":"1.7. Extract the generated receipt.","time":{"start":1768961999277,"stop":1768962004412,"duration":5135},"status":"passed","steps":[{"name":"1.7.1. Attach a file.","time":{"start":1768962001241,"stop":1768962001241,"duration":0},"status":"passed","steps":[{"name":"Receipt Details Sale.","time":{"start":1768962001241,"stop":1768962001241,"duration":0},"status":"unknown","steps":[],"attachments":[{"uid":"65d720e03c14bb63","name":"Receipt Details Sale.","source":"65d720e03c14bb63.json","type":"application/json","size":4}],"parameters":[],"shouldDisplayMessage":false,"stepsCount":0,"attachmentsCount":1,"hasContent":true,"attachmentStep":true}],"attachments":[],"parameters":[],"shouldDisplayMessage":false,"stepsCount":1,"attachmentsCount":1,"hasContent":true,"attachmentStep":false}],"attachments":[],"parameters":[],"shouldDisplayMessage":false,"stepsCount":2,"attachmentsCount":1,"hasContent":true,"attachmentStep":false}],"attachments":[],"parameters":[],"shouldDisplayMessage":false,"stepsCount":18,"attachmentsCount":3,"hasContent":true,"attachmentStep":false},{"name":"2. Verify receipt.","time":{"start":1768962004412,"stop":1768962004447,"duration":35},"status":"failed","statusMessage":"expected { merchant: 'Appium Merch', …(9) } to have deep property 'maskedPan' of '************0029', but got '************undefined'","statusTrace":"AssertionError: expected { merchant: 'Appium Merch', …(9) } to have deep property 'maskedPan' of '************0029', but got '************undefined'\n    at file:///F:/Project/appium-payconnect-master/helpers/customAssertion.js:37:38\n    at file:///F:/Project/appium-payconnect-master/helpers/customSteps.js:16:30\n    at <anonymous> (F:\\Project\\appium-payconnect-master\\node_modules\\allure-js-commons\\src\\facade.ts:113:48)\n    at <anonymous> (F:\\Project\\appium-payconnect-master\\node_modules\\allure-js-commons\\src\\sdk\\runtime\\MessageTestRuntime.ts:175:28)\n    at Generator.next (<anonymous>)\n    at asyncGeneratorStep (file:///F:/Project/appium-payconnect-master/node_modules/allure-js-commons/dist/esm/sdk/runtime/MessageTestRuntime.js:6:70)\n    at _next (file:///F:/Project/appium-payconnect-master/node_modules/allure-js-commons/dist/esm/sdk/runtime/MessageTestRuntime.js:7:163)\n    at process.processTicksAndRejections (node:internal/process/task_queues:105:5)","steps":[{"name":"2.1. Chai Assertion: merchant information on the receipt should match the configured merchant details.","time":{"start":1768962004437,"stop":1768962004440,"duration":3},"status":"passed","steps":[{"name":"Attachment Chai Assertion:","time":{"start":1768962004440,"stop":1768962004440,"duration":0},"status":"unknown","steps":[],"attachments":[{"uid":"d754da90aeb4fd3c","name":"Attachment Chai Assertion:","source":"d754da90aeb4fd3c.json","type":"application/json","size":416}],"parameters":[],"shouldDisplayMessage":false,"stepsCount":0,"attachmentsCount":1,"hasContent":true,"attachmentStep":true}],"attachments":[],"parameters":[],"shouldDisplayMessage":false,"stepsCount":1,"attachmentsCount":1,"hasContent":true,"attachmentStep":false},{"name":"2.2. Chai Assertion: card and transaction information on the receipt should match.","time":{"start":1768962004440,"stop":1768962004446,"duration":6},"status":"failed","statusMessage":"expected { merchant: 'Appium Merch', …(9) } to have deep property 'maskedPan' of '************0029', but got '************undefined'","statusTrace":"AssertionError: expected { merchant: 'Appium Merch', …(9) } to have deep property 'maskedPan' of '************0029', but got '************undefined'\n    at file:///F:/Project/appium-payconnect-master/helpers/customAssertion.js:37:38\n    at file:///F:/Project/appium-payconnect-master/helpers/customSteps.js:16:30\n    at <anonymous> (F:\\Project\\appium-payconnect-master\\node_modules\\allure-js-commons\\src\\facade.ts:113:48)\n    at <anonymous> (F:\\Project\\appium-payconnect-master\\node_modules\\allure-js-commons\\src\\sdk\\runtime\\MessageTestRuntime.ts:175:28)\n    at Generator.next (<anonymous>)\n    at asyncGeneratorStep (file:///F:/Project/appium-payconnect-master/node_modules/allure-js-commons/dist/esm/sdk/runtime/MessageTestRuntime.js:6:70)\n    at _next (file:///F:/Project/appium-payconnect-master/node_modules/allure-js-commons/dist/esm/sdk/runtime/MessageTestRuntime.js:7:163)\n    at process.processTicksAndRejections (node:internal/process/task_queues:105:5)","steps":[],"attachments":[],"parameters":[],"shouldDisplayMessage":true,"stepsCount":0,"attachmentsCount":0,"hasContent":true,"attachmentStep":false}],"attachments":[],"parameters":[],"shouldDisplayMessage":false,"stepsCount":3,"attachmentsCount":1,"hasContent":true,"attachmentStep":false},{"name":"Sprint 27: Payconnect 2.0 Terminal (Visa) - Accept Payment #AP_002 - Error Logs","time":{"start":1768962007117,"stop":1768962007117,"duration":0},"status":"unknown","steps":[],"attachments":[{"uid":"e2d0f183a5f70205","name":"Sprint 27: Payconnect 2.0 Terminal (Visa) - Accept Payment #AP_002 - Error Logs","source":"e2d0f183a5f70205.txt","type":"text/plain","size":965}],"parameters":[],"shouldDisplayMessage":false,"stepsCount":0,"attachmentsCount":1,"hasContent":true,"attachmentStep":true}],"attachments":[],"parameters":[],"shouldDisplayMessage":true,"stepsCount":24,"attachmentsCount":5,"hasContent":true,"attachmentStep":false},"afterStages":[],"labels":[{"name":"parentSuite","value":"Sprint 27: Payconnect 2.0 Terminal (Visa) - Accept Payment"},{"name":"package","value":"F"},{"name":"language","value":"javascript"},{"name":"framework","value":"wdio"},{"name":"thread","value":"0-0"},{"name":"epic","value":"Payconnect 2.0 Terminal"},{"name":"feature","value":"Sprint 27"},{"name":"owner","value":"Jerome Encinares"},{"name":"story","value":"Sale"},{"name":"tag","value":"Sprint 27"},{"name":"tag","value":"Payconnect 2.0 Terminal"},{"name":"tag","value":"Sale"},{"name":"severity","value":"normal"},{"name":"resultFormat","value":"allure2"}],"parameters":[{"name":"Card Number:","value":"**** **** **** 0029"},{"name":"Transaction Amount:","value":"₱ 350"},{"name":"device","value":"00023382825"}],"links":[{"name":"Payconnect 2.0 Portal","url":"https://undefined-dashboard.payconnect.io/"},{"name":"Open Project: #61624","url":"https://project.apollo.com.ph/projects/undefined/work_packages/61624/activity","type":"issue"}],"hidden":true,"retry":true,"extra":{"categories":[],"tags":["Sale","Sprint 27","Payconnect 2.0 Terminal"]},"source":"9a5028f30b8b7cc7.json","parameterValues":["**** **** **** 0029","₱ 350","00023382825"]}